<?xml version="1.0" encoding="UTF-8"?>
<!-- Generated by org.testng.reporters.JUnitReportReporter -->
<testsuite hostname="DESKTOP-O32E406" failures="0" tests="8" name="javapackage.TestNg3" time="0.012" errors="0" timestamp="2022-09-17T19:45:10 IST" skipped="0">
  <testcase classname="javapackage.TestNg3" name="c" time="0.002"/>
  <system-out/>
  <testcase classname="javapackage.TestNg3" name="b" time="0.001"/>
  <system-out/>
  <testcase classname="javapackage.TestNg3" name="e" time="0.002"/>
  <system-out/>
  <testcase classname="javapackage.TestNg3" name="x" time="0.002"/>
  <system-out/>
  <testcase classname="javapackage.TestNg3" name="f" time="0.002"/>
  <system-out/>
  <testcase classname="javapackage.TestNg3" name="d" time="0.001"/>
  <system-out/>
  <testcase classname="javapackage.TestNg3" name="a" time="0.001"/>
  <system-out/>
  <testcase classname="javapackage.TestNg3" name="z" time="0.001"/>
  <system-out/>
</testsuite> <!-- javapackage.TestNg3 -->
