<?xml version="1.0" encoding="UTF-8"?>
<!-- Generated by org.testng.reporters.JUnitReportReporter -->
<testsuite hostname="DESKTOP-O32E406" failures="0" tests="2" name="javapackage.TestNg1" time="0.014" errors="0" timestamp="2022-09-22T11:38:52 IST" skipped="0">
  <testcase classname="javapackage.TestNg1" name="j" time="0.003"/>
  <system-out/>
  <testcase classname="javapackage.TestNg1" name="i" time="0.011"/>
  <system-out/>
</testsuite> <!-- javapackage.TestNg1 -->
