<?xml version="1.0" encoding="UTF-8"?>
<!-- Generated by org.testng.reporters.JUnitReportReporter -->
<testsuite hostname="DESKTOP-O32E406" failures="0" tests="1" name="javapackage.Assertion2" time="0.027" errors="0" timestamp="2022-09-20T20:19:34 IST" skipped="0">
  <testcase classname="javapackage.Assertion2" name="Test1" time="0.027"/>
  <system-out/>
</testsuite> <!-- javapackage.Assertion2 -->
