<?xml version="1.0" encoding="UTF-8"?>
<!-- Generated by org.testng.reporters.JUnitReportReporter -->
<testsuite hostname="DESKTOP-O32E406" failures="0" tests="6" name="javapackage.TestNg4" time="0.009" errors="0" timestamp="2022-09-17T19:45:10 IST" skipped="2">
  <testcase classname="javapackage.TestNg4" name="a" time="0.001"/>
  <system-out/>
  <testcase classname="javapackage.TestNg4" name="c" time="0.001"/>
  <system-out/>
  <testcase classname="javapackage.TestNg4" name="d" time="0.001"/>
  <system-out/>
  <testcase classname="javapackage.TestNg4" name="b" time="0.005"/>
  <system-out/>
  <testcase classname="javapackage.TestNg4" name="z" time="0.001">
    <skipped/>
  </testcase> <!-- z -->
  <system-out/>
  <testcase classname="javapackage.TestNg4" name="x">
    <skipped/>
  </testcase> <!-- x -->
  <system-out/>
</testsuite> <!-- javapackage.TestNg4 -->
