<?xml version="1.0" encoding="UTF-8"?>
<!-- Generated by org.testng.reporters.JUnitReportReporter -->
<testsuite hostname="DESKTOP-O32E406" failures="0" tests="6" name="javapackage.TestNg2" time="0.021" errors="0" timestamp="2022-09-17T19:45:10 IST" skipped="0">
  <testcase classname="javapackage.TestNg2" name="a" time="0.010"/>
  <system-out/>
  <testcase classname="javapackage.TestNg2" name="c" time="0.002"/>
  <system-out/>
  <testcase classname="javapackage.TestNg2" name="b" time="0.003"/>
  <system-out/>
  <testcase classname="javapackage.TestNg2" name="f" time="0.002"/>
  <system-out/>
  <testcase classname="javapackage.TestNg2" name="d" time="0.002"/>
  <system-out/>
  <testcase classname="javapackage.TestNg2" name="e" time="0.002"/>
  <system-out/>
</testsuite> <!-- javapackage.TestNg2 -->
